<?xml version="1.0" encoding="UTF-8"?>
<!-- Generated by org.testng.reporters.JUnitXMLReporter -->
<testsuite hostname="DESKTOP-BOCIBAU" name="Test" tests="5" failures="0" timestamp="13 Mar 2018 08:31:00 GMT" time="0.031" errors="0">
  <testcase name="TestC" time="0.016" classname="qsp.Democ"/>
  <testcase name="testA" time="0.0" classname="qsp.DemoB"/>
  <testcase name="testB" time="0.0" classname="qsp.DemoB"/>
  <testcase name="testA" time="0.0" classname="qsp.DemoA"/>
  <testcase name="testB" time="0.0" classname="qsp.DemoA"/>
</testsuite> <!-- Test -->
