<?xml version="1.0" encoding="UTF-8"?>
<testng-results skipped="0" failed="0" total="5" passed="5">
  <reporter-output>
    <line>
      <![CDATA[test(C)]]>
    </line>
    <line>
      <![CDATA[rock]]>
    </line>
    <line>
      <![CDATA[show]]>
    </line>
    <line>
      <![CDATA[hiiiiii]]>
    </line>
    <line>
      <![CDATA[Byeeeee]]>
    </line>
  </reporter-output>
  <suite name="Suite" duration-ms="31" started-at="2018-03-13T08:31:00Z" finished-at="2018-03-13T08:31:00Z">
    <groups>
    </groups>
    <test name="Test" duration-ms="31" started-at="2018-03-13T08:31:00Z" finished-at="2018-03-13T08:31:00Z">
      <class name="qsp.Democ">
        <test-method status="PASS" signature="TestC()[pri:0, instance:qsp.Democ@6108b2d7]" name="TestC" duration-ms="16" started-at="2018-03-13T14:01:00Z" finished-at="2018-03-13T14:01:00Z">
          <reporter-output>
            <line>
              <![CDATA[test(C)]]>
            </line>
          </reporter-output>
        </test-method> <!-- TestC -->
      </class> <!-- qsp.Democ -->
      <class name="qsp.DemoA">
        <test-method status="PASS" signature="testB()[pri:0, instance:qsp.DemoA@22f71333]" name="testB" duration-ms="0" started-at="2018-03-13T14:01:00Z" finished-at="2018-03-13T14:01:00Z">
          <reporter-output>
            <line>
              <![CDATA[Byeeeee]]>
            </line>
          </reporter-output>
        </test-method> <!-- testB -->
        <test-method status="PASS" signature="testA()[pri:0, instance:qsp.DemoA@22f71333]" name="testA" duration-ms="0" started-at="2018-03-13T14:01:00Z" finished-at="2018-03-13T14:01:00Z">
          <reporter-output>
            <line>
              <![CDATA[hiiiiii]]>
            </line>
          </reporter-output>
        </test-method> <!-- testA -->
      </class> <!-- qsp.DemoA -->
      <class name="qsp.DemoB">
        <test-method status="PASS" signature="testA()[pri:0, instance:qsp.DemoB@6cd8737]" name="testA" duration-ms="0" started-at="2018-03-13T14:01:00Z" finished-at="2018-03-13T14:01:00Z">
          <reporter-output>
            <line>
              <![CDATA[rock]]>
            </line>
          </reporter-output>
        </test-method> <!-- testA -->
        <test-method status="PASS" signature="testB()[pri:0, instance:qsp.DemoB@6cd8737]" name="testB" duration-ms="0" started-at="2018-03-13T14:01:00Z" finished-at="2018-03-13T14:01:00Z">
          <reporter-output>
            <line>
              <![CDATA[show]]>
            </line>
          </reporter-output>
        </test-method> <!-- testB -->
      </class> <!-- qsp.DemoB -->
    </test> <!-- Test -->
  </suite> <!-- Suite -->
</testng-results>
